<?xml version="1.0" encoding="UTF-8"?>
<testsuite xmlns:xsi="http://www.w3.org/2001/XMLSchema-instance" xsi:noNamespaceSchemaLocation="https://maven.apache.org/surefire/maven-surefire-plugin/xsd/surefire-test-report.xsd" name="Test01" time="0.098" tests="1" errors="0" skipped="0" failures="0">
  <properties>
    <property name="sun.desktop" value="windows"/>
    <property name="awt.toolkit" value="sun.awt.windows.WToolkit"/>
    <property name="file.encoding.pkg" value="sun.io"/>
    <property name="java.specification.version" value="1.8"/>
    <property name="sun.cpu.isalist" value="amd64"/>
    <property name="sun.jnu.encoding" value="GBK"/>
    <property name="java.class.path" value="E:\MarkDown\SuperC-mainv20\target\test-classes;E:\MarkDown\SuperC-mainv20\target\classes;D:\Markdown\apache-maven-3.6.1\maven-repo\org\springframework\boot\spring-boot-starter-web\2.1.0.RELEASE\spring-boot-starter-web-2.1.0.RELEASE.jar;D:\Markdown\apache-maven-3.6.1\maven-repo\org\springframework\boot\spring-boot-starter\2.1.0.RELEASE\spring-boot-starter-2.1.0.RELEASE.jar;D:\Markdown\apache-maven-3.6.1\maven-repo\org\springframework\boot\spring-boot\2.1.0.RELEASE\spring-boot-2.1.0.RELEASE.jar;D:\Markdown\apache-maven-3.6.1\maven-repo\org\springframework\boot\spring-boot-autoconfigure\2.1.0.RELEASE\spring-boot-autoconfigure-2.1.0.RELEASE.jar;D:\Markdown\apache-maven-3.6.1\maven-repo\org\springframework\boot\spring-boot-starter-logging\2.1.0.RELEASE\spring-boot-starter-logging-2.1.0.RELEASE.jar;D:\Markdown\apache-maven-3.6.1\maven-repo\ch\qos\logback\logback-classic\1.2.3\logback-classic-1.2.3.jar;D:\Markdown\apache-maven-3.6.1\maven-repo\ch\qos\logback\logback-core\1.2.3\logback-core-1.2.3.jar;D:\Markdown\apache-maven-3.6.1\maven-repo\org\apache\logging\log4j\log4j-to-slf4j\2.11.1\log4j-to-slf4j-2.11.1.jar;D:\Markdown\apache-maven-3.6.1\maven-repo\org\apache\logging\log4j\log4j-api\2.11.1\log4j-api-2.11.1.jar;D:\Markdown\apache-maven-3.6.1\maven-repo\org\slf4j\jul-to-slf4j\1.7.25\jul-to-slf4j-1.7.25.jar;D:\Markdown\apache-maven-3.6.1\maven-repo\javax\annotation\javax.annotation-api\1.3.2\javax.annotation-api-1.3.2.jar;D:\Markdown\apache-maven-3.6.1\maven-repo\org\yaml\snakeyaml\1.23\snakeyaml-1.23.jar;D:\Markdown\apache-maven-3.6.1\maven-repo\org\springframework\boot\spring-boot-starter-json\2.1.0.RELEASE\spring-boot-starter-json-2.1.0.RELEASE.jar;D:\Markdown\apache-maven-3.6.1\maven-repo\com\fasterxml\jackson\datatype\jackson-datatype-jdk8\2.9.7\jackson-datatype-jdk8-2.9.7.jar;D:\Markdown\apache-maven-3.6.1\maven-repo\com\fasterxml\jackson\datatype\jackson-datatype-jsr310\2.9.7\jackson-datatype-jsr310-2.9.7.jar;D:\Markdown\apache-maven-3.6.1\maven-repo\com\fasterxml\jackson\module\jackson-module-parameter-names\2.9.7\jackson-module-parameter-names-2.9.7.jar;D:\Markdown\apache-maven-3.6.1\maven-repo\org\springframework\boot\spring-boot-starter-tomcat\2.1.0.RELEASE\spring-boot-starter-tomcat-2.1.0.RELEASE.jar;D:\Markdown\apache-maven-3.6.1\maven-repo\org\apache\tomcat\embed\tomcat-embed-core\9.0.12\tomcat-embed-core-9.0.12.jar;D:\Markdown\apache-maven-3.6.1\maven-repo\org\apache\tomcat\embed\tomcat-embed-el\9.0.12\tomcat-embed-el-9.0.12.jar;D:\Markdown\apache-maven-3.6.1\maven-repo\org\apache\tomcat\embed\tomcat-embed-websocket\9.0.12\tomcat-embed-websocket-9.0.12.jar;D:\Markdown\apache-maven-3.6.1\maven-repo\org\hibernate\validator\hibernate-validator\6.0.13.Final\hibernate-validator-6.0.13.Final.jar;D:\Markdown\apache-maven-3.6.1\maven-repo\javax\validation\validation-api\2.0.1.Final\validation-api-2.0.1.Final.jar;D:\Markdown\apache-maven-3.6.1\maven-repo\org\jboss\logging\jboss-logging\3.3.2.Final\jboss-logging-3.3.2.Final.jar;D:\Markdown\apache-maven-3.6.1\maven-repo\org\springframework\spring-web\5.1.2.RELEASE\spring-web-5.1.2.RELEASE.jar;D:\Markdown\apache-maven-3.6.1\maven-repo\org\springframework\spring-beans\5.1.2.RELEASE\spring-beans-5.1.2.RELEASE.jar;D:\Markdown\apache-maven-3.6.1\maven-repo\org\springframework\spring-webmvc\5.1.2.RELEASE\spring-webmvc-5.1.2.RELEASE.jar;D:\Markdown\apache-maven-3.6.1\maven-repo\org\springframework\spring-context\5.1.2.RELEASE\spring-context-5.1.2.RELEASE.jar;D:\Markdown\apache-maven-3.6.1\maven-repo\org\springframework\spring-expression\5.1.2.RELEASE\spring-expression-5.1.2.RELEASE.jar;D:\Markdown\apache-maven-3.6.1\maven-repo\org\springframework\boot\spring-boot-starter-test\2.1.0.RELEASE\spring-boot-starter-test-2.1.0.RELEASE.jar;D:\Markdown\apache-maven-3.6.1\maven-repo\org\springframework\boot\spring-boot-test\2.1.0.RELEASE\spring-boot-test-2.1.0.RELEASE.jar;D:\Markdown\apache-maven-3.6.1\maven-repo\org\springframework\boot\spring-boot-test-autoconfigure\2.1.0.RELEASE\spring-boot-test-autoconfigure-2.1.0.RELEASE.jar;D:\Markdown\apache-maven-3.6.1\maven-repo\com\jayway\jsonpath\json-path\2.4.0\json-path-2.4.0.jar;D:\Markdown\apache-maven-3.6.1\maven-repo\net\minidev\json-smart\2.3\json-smart-2.3.jar;D:\Markdown\apache-maven-3.6.1\maven-repo\net\minidev\accessors-smart\1.2\accessors-smart-1.2.jar;D:\Markdown\apache-maven-3.6.1\maven-repo\org\ow2\asm\asm\5.0.4\asm-5.0.4.jar;D:\Markdown\apache-maven-3.6.1\maven-repo\junit\junit\4.12\junit-4.12.jar;D:\Markdown\apache-maven-3.6.1\maven-repo\org\assertj\assertj-core\3.11.1\assertj-core-3.11.1.jar;D:\Markdown\apache-maven-3.6.1\maven-repo\org\mockito\mockito-core\2.23.0\mockito-core-2.23.0.jar;D:\Markdown\apache-maven-3.6.1\maven-repo\net\bytebuddy\byte-buddy\1.9.3\byte-buddy-1.9.3.jar;D:\Markdown\apache-maven-3.6.1\maven-repo\net\bytebuddy\byte-buddy-agent\1.9.3\byte-buddy-agent-1.9.3.jar;D:\Markdown\apache-maven-3.6.1\maven-repo\org\objenesis\objenesis\2.6\objenesis-2.6.jar;D:\Markdown\apache-maven-3.6.1\maven-repo\org\hamcrest\hamcrest-core\1.3\hamcrest-core-1.3.jar;D:\Markdown\apache-maven-3.6.1\maven-repo\org\hamcrest\hamcrest-library\1.3\hamcrest-library-1.3.jar;D:\Markdown\apache-maven-3.6.1\maven-repo\org\skyscreamer\jsonassert\1.5.0\jsonassert-1.5.0.jar;D:\Markdown\apache-maven-3.6.1\maven-repo\com\vaadin\external\google\android-json\0.0.20131108.vaadin1\android-json-0.0.20131108.vaadin1.jar;D:\Markdown\apache-maven-3.6.1\maven-repo\org\springframework\spring-core\5.1.2.RELEASE\spring-core-5.1.2.RELEASE.jar;D:\Markdown\apache-maven-3.6.1\maven-repo\org\springframework\spring-jcl\5.1.2.RELEASE\spring-jcl-5.1.2.RELEASE.jar;D:\Markdown\apache-maven-3.6.1\maven-repo\org\springframework\spring-test\5.1.2.RELEASE\spring-test-5.1.2.RELEASE.jar;D:\Markdown\apache-maven-3.6.1\maven-repo\org\xmlunit\xmlunit-core\2.6.2\xmlunit-core-2.6.2.jar;D:\Markdown\apache-maven-3.6.1\maven-repo\org\springframework\boot\spring-boot-starter-aop\2.1.0.RELEASE\spring-boot-starter-aop-2.1.0.RELEASE.jar;D:\Markdown\apache-maven-3.6.1\maven-repo\org\springframework\spring-aop\5.1.2.RELEASE\spring-aop-5.1.2.RELEASE.jar;D:\Markdown\apache-maven-3.6.1\maven-repo\org\aspectj\aspectjweaver\1.9.2\aspectjweaver-1.9.2.jar;D:\Markdown\apache-maven-3.6.1\maven-repo\org\springframework\boot\spring-boot-starter-data-redis\2.1.0.RELEASE\spring-boot-starter-data-redis-2.1.0.RELEASE.jar;D:\Markdown\apache-maven-3.6.1\maven-repo\org\springframework\data\spring-data-redis\2.1.2.RELEASE\spring-data-redis-2.1.2.RELEASE.jar;D:\Markdown\apache-maven-3.6.1\maven-repo\org\springframework\data\spring-data-keyvalue\2.1.2.RELEASE\spring-data-keyvalue-2.1.2.RELEASE.jar;D:\Markdown\apache-maven-3.6.1\maven-repo\org\springframework\data\spring-data-commons\2.1.2.RELEASE\spring-data-commons-2.1.2.RELEASE.jar;D:\Markdown\apache-maven-3.6.1\maven-repo\org\springframework\spring-tx\5.1.2.RELEASE\spring-tx-5.1.2.RELEASE.jar;D:\Markdown\apache-maven-3.6.1\maven-repo\org\springframework\spring-oxm\5.1.2.RELEASE\spring-oxm-5.1.2.RELEASE.jar;D:\Markdown\apache-maven-3.6.1\maven-repo\org\springframework\spring-context-support\5.1.2.RELEASE\spring-context-support-5.1.2.RELEASE.jar;D:\Markdown\apache-maven-3.6.1\maven-repo\redis\clients\jedis\2.9.0\jedis-2.9.0.jar;D:\Markdown\apache-maven-3.6.1\maven-repo\org\apache\commons\commons-pool2\2.6.0\commons-pool2-2.6.0.jar;D:\Markdown\apache-maven-3.6.1\maven-repo\mysql\mysql-connector-java\8.0.19\mysql-connector-java-8.0.19.jar;D:\Markdown\apache-maven-3.6.1\maven-repo\io\springfox\springfox-swagger2\2.9.1\springfox-swagger2-2.9.1.jar;D:\Markdown\apache-maven-3.6.1\maven-repo\io\swagger\swagger-annotations\1.5.20\swagger-annotations-1.5.20.jar;D:\Markdown\apache-maven-3.6.1\maven-repo\io\swagger\swagger-models\1.5.20\swagger-models-1.5.20.jar;D:\Markdown\apache-maven-3.6.1\maven-repo\com\fasterxml\jackson\core\jackson-annotations\2.9.0\jackson-annotations-2.9.0.jar;D:\Markdown\apache-maven-3.6.1\maven-repo\io\springfox\springfox-spi\2.9.1\springfox-spi-2.9.1.jar;D:\Markdown\apache-maven-3.6.1\maven-repo\io\springfox\springfox-core\2.9.1\springfox-core-2.9.1.jar;D:\Markdown\apache-maven-3.6.1\maven-repo\io\springfox\springfox-schema\2.9.1\springfox-schema-2.9.1.jar;D:\Markdown\apache-maven-3.6.1\maven-repo\io\springfox\springfox-swagger-common\2.9.1\springfox-swagger-common-2.9.1.jar;D:\Markdown\apache-maven-3.6.1\maven-repo\io\springfox\springfox-spring-web\2.9.1\springfox-spring-web-2.9.1.jar;D:\Markdown\apache-maven-3.6.1\maven-repo\com\google\guava\guava\20.0\guava-20.0.jar;D:\Markdown\apache-maven-3.6.1\maven-repo\com\fasterxml\classmate\1.4.0\classmate-1.4.0.jar;D:\Markdown\apache-maven-3.6.1\maven-repo\org\slf4j\slf4j-api\1.7.25\slf4j-api-1.7.25.jar;D:\Markdown\apache-maven-3.6.1\maven-repo\org\springframework\plugin\spring-plugin-core\1.2.0.RELEASE\spring-plugin-core-1.2.0.RELEASE.jar;D:\Markdown\apache-maven-3.6.1\maven-repo\org\springframework\plugin\spring-plugin-metadata\1.2.0.RELEASE\spring-plugin-metadata-1.2.0.RELEASE.jar;D:\Markdown\apache-maven-3.6.1\maven-repo\org\mapstruct\mapstruct\1.2.0.Final\mapstruct-1.2.0.Final.jar;D:\Markdown\apache-maven-3.6.1\maven-repo\io\springfox\springfox-swagger-ui\2.9.1\springfox-swagger-ui-2.9.1.jar;D:\Markdown\apache-maven-3.6.1\maven-repo\com\auth0\java-jwt\3.8.2\java-jwt-3.8.2.jar;D:\Markdown\apache-maven-3.6.1\maven-repo\com\fasterxml\jackson\core\jackson-databind\2.9.7\jackson-databind-2.9.7.jar;D:\Markdown\apache-maven-3.6.1\maven-repo\com\fasterxml\jackson\core\jackson-core\2.9.7\jackson-core-2.9.7.jar;D:\Markdown\apache-maven-3.6.1\maven-repo\commons-codec\commons-codec\1.11\commons-codec-1.11.jar;D:\Markdown\apache-maven-3.6.1\maven-repo\org\springframework\boot\spring-boot-starter-jdbc\2.1.0.RELEASE\spring-boot-starter-jdbc-2.1.0.RELEASE.jar;D:\Markdown\apache-maven-3.6.1\maven-repo\com\zaxxer\HikariCP\3.2.0\HikariCP-3.2.0.jar;D:\Markdown\apache-maven-3.6.1\maven-repo\org\springframework\spring-jdbc\5.1.2.RELEASE\spring-jdbc-5.1.2.RELEASE.jar;D:\Markdown\apache-maven-3.6.1\maven-repo\org\mybatis\spring\boot\mybatis-spring-boot-starter\1.3.2\mybatis-spring-boot-starter-1.3.2.jar;D:\Markdown\apache-maven-3.6.1\maven-repo\org\mybatis\spring\boot\mybatis-spring-boot-autoconfigure\1.3.2\mybatis-spring-boot-autoconfigure-1.3.2.jar;D:\Markdown\apache-maven-3.6.1\maven-repo\org\mybatis\mybatis\3.4.6\mybatis-3.4.6.jar;D:\Markdown\apache-maven-3.6.1\maven-repo\org\mybatis\mybatis-spring\1.3.2\mybatis-spring-1.3.2.jar;D:\Markdown\apache-maven-3.6.1\maven-repo\tk\mybatis\mapper\4.1.5\mapper-4.1.5.jar;D:\Markdown\apache-maven-3.6.1\maven-repo\javax\persistence\persistence-api\1.0\persistence-api-1.0.jar;D:\Markdown\apache-maven-3.6.1\maven-repo\com\github\pagehelper\pagehelper-spring-boot-starter\1.2.10\pagehelper-spring-boot-starter-1.2.10.jar;D:\Markdown\apache-maven-3.6.1\maven-repo\com\github\pagehelper\pagehelper-spring-boot-autoconfigure\1.2.10\pagehelper-spring-boot-autoconfigure-1.2.10.jar;D:\Markdown\apache-maven-3.6.1\maven-repo\com\github\pagehelper\pagehelper\5.1.8\pagehelper-5.1.8.jar;D:\Markdown\apache-maven-3.6.1\maven-repo\com\github\jsqlparser\jsqlparser\1.2\jsqlparser-1.2.jar;D:\Markdown\apache-maven-3.6.1\maven-repo\cn\hutool\hutool-all\5.3.7\hutool-all-5.3.7.jar;D:\Markdown\apache-maven-3.6.1\maven-repo\org\apache\poi\poi-ooxml\4.1.2\poi-ooxml-4.1.2.jar;D:\Markdown\apache-maven-3.6.1\maven-repo\org\apache\poi\poi\4.1.2\poi-4.1.2.jar;D:\Markdown\apache-maven-3.6.1\maven-repo\org\apache\commons\commons-collections4\4.4\commons-collections4-4.4.jar;D:\Markdown\apache-maven-3.6.1\maven-repo\org\apache\commons\commons-math3\3.6.1\commons-math3-3.6.1.jar;D:\Markdown\apache-maven-3.6.1\maven-repo\com\zaxxer\SparseBitSet\1.2\SparseBitSet-1.2.jar;D:\Markdown\apache-maven-3.6.1\maven-repo\org\apache\poi\poi-ooxml-schemas\4.1.2\poi-ooxml-schemas-4.1.2.jar;D:\Markdown\apache-maven-3.6.1\maven-repo\org\apache\xmlbeans\xmlbeans\3.1.0\xmlbeans-3.1.0.jar;D:\Markdown\apache-maven-3.6.1\maven-repo\org\apache\commons\commons-compress\1.19\commons-compress-1.19.jar;D:\Markdown\apache-maven-3.6.1\maven-repo\com\github\virtuald\curvesapi\1.06\curvesapi-1.06.jar;D:\Markdown\apache-maven-3.6.1\maven-repo\net\coobird\thumbnailator\0.4.8\thumbnailator-0.4.8.jar;D:\Markdown\apache-maven-3.6.1\maven-repo\com\tencentcloudapi\tencentcloud-sdk-java\3.1.460\tencentcloud-sdk-java-3.1.460.jar;D:\Markdown\apache-maven-3.6.1\maven-repo\commons-logging\commons-logging\1.2\commons-logging-1.2.jar;D:\Markdown\apache-maven-3.6.1\maven-repo\com\squareup\okio\okio\1.12.0\okio-1.12.0.jar;D:\Markdown\apache-maven-3.6.1\maven-repo\com\squareup\okhttp\okhttp\2.7.5\okhttp-2.7.5.jar;D:\Markdown\apache-maven-3.6.1\maven-repo\com\google\code\gson\gson\2.8.5\gson-2.8.5.jar;D:\Markdown\apache-maven-3.6.1\maven-repo\javax\xml\bind\jaxb-api\2.3.1\jaxb-api-2.3.1.jar;D:\Markdown\apache-maven-3.6.1\maven-repo\javax\activation\javax.activation-api\1.2.0\javax.activation-api-1.2.0.jar;D:\Markdown\apache-maven-3.6.1\maven-repo\com\squareup\okhttp\logging-interceptor\2.7.5\logging-interceptor-2.7.5.jar;D:\Markdown\apache-maven-3.6.1\maven-repo\org\ini4j\ini4j\0.5.4\ini4j-0.5.4.jar;"/>
    <property name="java.vm.vendor" value="Oracle Corporation"/>
    <property name="sun.arch.data.model" value="64"/>
    <property name="user.variant" value=""/>
    <property name="java.vendor.url" value="http://java.oracle.com/"/>
    <property name="user.timezone" value="Asia/Shanghai"/>
    <property name="java.vm.specification.version" value="1.8"/>
    <property name="os.name" value="Windows 10"/>
    <property name="user.country" value="CN"/>
    <property name="sun.java.launcher" value="SUN_STANDARD"/>
    <property name="sun.boot.library.path" value="C:\Program Files\Java\jdk1.8.0_221\jre\bin"/>
    <property name="sun.java.command" value="C:\Users\86151\AppData\Local\Temp\surefire5773093806633342358\surefirebooter1403316835103179520.jar C:\Users\86151\AppData\Local\Temp\surefire5773093806633342358 2023-03-02T18-02-40_554-jvmRun1 surefire1848688401537712277tmp surefire_06223359663033157666tmp"/>
    <property name="surefire.test.class.path" value="E:\MarkDown\SuperC-mainv20\target\test-classes;E:\MarkDown\SuperC-mainv20\target\classes;D:\Markdown\apache-maven-3.6.1\maven-repo\org\springframework\boot\spring-boot-starter-web\2.1.0.RELEASE\spring-boot-starter-web-2.1.0.RELEASE.jar;D:\Markdown\apache-maven-3.6.1\maven-repo\org\springframework\boot\spring-boot-starter\2.1.0.RELEASE\spring-boot-starter-2.1.0.RELEASE.jar;D:\Markdown\apache-maven-3.6.1\maven-repo\org\springframework\boot\spring-boot\2.1.0.RELEASE\spring-boot-2.1.0.RELEASE.jar;D:\Markdown\apache-maven-3.6.1\maven-repo\org\springframework\boot\spring-boot-autoconfigure\2.1.0.RELEASE\spring-boot-autoconfigure-2.1.0.RELEASE.jar;D:\Markdown\apache-maven-3.6.1\maven-repo\org\springframework\boot\spring-boot-starter-logging\2.1.0.RELEASE\spring-boot-starter-logging-2.1.0.RELEASE.jar;D:\Markdown\apache-maven-3.6.1\maven-repo\ch\qos\logback\logback-classic\1.2.3\logback-classic-1.2.3.jar;D:\Markdown\apache-maven-3.6.1\maven-repo\ch\qos\logback\logback-core\1.2.3\logback-core-1.2.3.jar;D:\Markdown\apache-maven-3.6.1\maven-repo\org\apache\logging\log4j\log4j-to-slf4j\2.11.1\log4j-to-slf4j-2.11.1.jar;D:\Markdown\apache-maven-3.6.1\maven-repo\org\apache\logging\log4j\log4j-api\2.11.1\log4j-api-2.11.1.jar;D:\Markdown\apache-maven-3.6.1\maven-repo\org\slf4j\jul-to-slf4j\1.7.25\jul-to-slf4j-1.7.25.jar;D:\Markdown\apache-maven-3.6.1\maven-repo\javax\annotation\javax.annotation-api\1.3.2\javax.annotation-api-1.3.2.jar;D:\Markdown\apache-maven-3.6.1\maven-repo\org\yaml\snakeyaml\1.23\snakeyaml-1.23.jar;D:\Markdown\apache-maven-3.6.1\maven-repo\org\springframework\boot\spring-boot-starter-json\2.1.0.RELEASE\spring-boot-starter-json-2.1.0.RELEASE.jar;D:\Markdown\apache-maven-3.6.1\maven-repo\com\fasterxml\jackson\datatype\jackson-datatype-jdk8\2.9.7\jackson-datatype-jdk8-2.9.7.jar;D:\Markdown\apache-maven-3.6.1\maven-repo\com\fasterxml\jackson\datatype\jackson-datatype-jsr310\2.9.7\jackson-datatype-jsr310-2.9.7.jar;D:\Markdown\apache-maven-3.6.1\maven-repo\com\fasterxml\jackson\module\jackson-module-parameter-names\2.9.7\jackson-module-parameter-names-2.9.7.jar;D:\Markdown\apache-maven-3.6.1\maven-repo\org\springframework\boot\spring-boot-starter-tomcat\2.1.0.RELEASE\spring-boot-starter-tomcat-2.1.0.RELEASE.jar;D:\Markdown\apache-maven-3.6.1\maven-repo\org\apache\tomcat\embed\tomcat-embed-core\9.0.12\tomcat-embed-core-9.0.12.jar;D:\Markdown\apache-maven-3.6.1\maven-repo\org\apache\tomcat\embed\tomcat-embed-el\9.0.12\tomcat-embed-el-9.0.12.jar;D:\Markdown\apache-maven-3.6.1\maven-repo\org\apache\tomcat\embed\tomcat-embed-websocket\9.0.12\tomcat-embed-websocket-9.0.12.jar;D:\Markdown\apache-maven-3.6.1\maven-repo\org\hibernate\validator\hibernate-validator\6.0.13.Final\hibernate-validator-6.0.13.Final.jar;D:\Markdown\apache-maven-3.6.1\maven-repo\javax\validation\validation-api\2.0.1.Final\validation-api-2.0.1.Final.jar;D:\Markdown\apache-maven-3.6.1\maven-repo\org\jboss\logging\jboss-logging\3.3.2.Final\jboss-logging-3.3.2.Final.jar;D:\Markdown\apache-maven-3.6.1\maven-repo\org\springframework\spring-web\5.1.2.RELEASE\spring-web-5.1.2.RELEASE.jar;D:\Markdown\apache-maven-3.6.1\maven-repo\org\springframework\spring-beans\5.1.2.RELEASE\spring-beans-5.1.2.RELEASE.jar;D:\Markdown\apache-maven-3.6.1\maven-repo\org\springframework\spring-webmvc\5.1.2.RELEASE\spring-webmvc-5.1.2.RELEASE.jar;D:\Markdown\apache-maven-3.6.1\maven-repo\org\springframework\spring-context\5.1.2.RELEASE\spring-context-5.1.2.RELEASE.jar;D:\Markdown\apache-maven-3.6.1\maven-repo\org\springframework\spring-expression\5.1.2.RELEASE\spring-expression-5.1.2.RELEASE.jar;D:\Markdown\apache-maven-3.6.1\maven-repo\org\springframework\boot\spring-boot-starter-test\2.1.0.RELEASE\spring-boot-starter-test-2.1.0.RELEASE.jar;D:\Markdown\apache-maven-3.6.1\maven-repo\org\springframework\boot\spring-boot-test\2.1.0.RELEASE\spring-boot-test-2.1.0.RELEASE.jar;D:\Markdown\apache-maven-3.6.1\maven-repo\org\springframework\boot\spring-boot-test-autoconfigure\2.1.0.RELEASE\spring-boot-test-autoconfigure-2.1.0.RELEASE.jar;D:\Markdown\apache-maven-3.6.1\maven-repo\com\jayway\jsonpath\json-path\2.4.0\json-path-2.4.0.jar;D:\Markdown\apache-maven-3.6.1\maven-repo\net\minidev\json-smart\2.3\json-smart-2.3.jar;D:\Markdown\apache-maven-3.6.1\maven-repo\net\minidev\accessors-smart\1.2\accessors-smart-1.2.jar;D:\Markdown\apache-maven-3.6.1\maven-repo\org\ow2\asm\asm\5.0.4\asm-5.0.4.jar;D:\Markdown\apache-maven-3.6.1\maven-repo\junit\junit\4.12\junit-4.12.jar;D:\Markdown\apache-maven-3.6.1\maven-repo\org\assertj\assertj-core\3.11.1\assertj-core-3.11.1.jar;D:\Markdown\apache-maven-3.6.1\maven-repo\org\mockito\mockito-core\2.23.0\mockito-core-2.23.0.jar;D:\Markdown\apache-maven-3.6.1\maven-repo\net\bytebuddy\byte-buddy\1.9.3\byte-buddy-1.9.3.jar;D:\Markdown\apache-maven-3.6.1\maven-repo\net\bytebuddy\byte-buddy-agent\1.9.3\byte-buddy-agent-1.9.3.jar;D:\Markdown\apache-maven-3.6.1\maven-repo\org\objenesis\objenesis\2.6\objenesis-2.6.jar;D:\Markdown\apache-maven-3.6.1\maven-repo\org\hamcrest\hamcrest-core\1.3\hamcrest-core-1.3.jar;D:\Markdown\apache-maven-3.6.1\maven-repo\org\hamcrest\hamcrest-library\1.3\hamcrest-library-1.3.jar;D:\Markdown\apache-maven-3.6.1\maven-repo\org\skyscreamer\jsonassert\1.5.0\jsonassert-1.5.0.jar;D:\Markdown\apache-maven-3.6.1\maven-repo\com\vaadin\external\google\android-json\0.0.20131108.vaadin1\android-json-0.0.20131108.vaadin1.jar;D:\Markdown\apache-maven-3.6.1\maven-repo\org\springframework\spring-core\5.1.2.RELEASE\spring-core-5.1.2.RELEASE.jar;D:\Markdown\apache-maven-3.6.1\maven-repo\org\springframework\spring-jcl\5.1.2.RELEASE\spring-jcl-5.1.2.RELEASE.jar;D:\Markdown\apache-maven-3.6.1\maven-repo\org\springframework\spring-test\5.1.2.RELEASE\spring-test-5.1.2.RELEASE.jar;D:\Markdown\apache-maven-3.6.1\maven-repo\org\xmlunit\xmlunit-core\2.6.2\xmlunit-core-2.6.2.jar;D:\Markdown\apache-maven-3.6.1\maven-repo\org\springframework\boot\spring-boot-starter-aop\2.1.0.RELEASE\spring-boot-starter-aop-2.1.0.RELEASE.jar;D:\Markdown\apache-maven-3.6.1\maven-repo\org\springframework\spring-aop\5.1.2.RELEASE\spring-aop-5.1.2.RELEASE.jar;D:\Markdown\apache-maven-3.6.1\maven-repo\org\aspectj\aspectjweaver\1.9.2\aspectjweaver-1.9.2.jar;D:\Markdown\apache-maven-3.6.1\maven-repo\org\springframework\boot\spring-boot-starter-data-redis\2.1.0.RELEASE\spring-boot-starter-data-redis-2.1.0.RELEASE.jar;D:\Markdown\apache-maven-3.6.1\maven-repo\org\springframework\data\spring-data-redis\2.1.2.RELEASE\spring-data-redis-2.1.2.RELEASE.jar;D:\Markdown\apache-maven-3.6.1\maven-repo\org\springframework\data\spring-data-keyvalue\2.1.2.RELEASE\spring-data-keyvalue-2.1.2.RELEASE.jar;D:\Markdown\apache-maven-3.6.1\maven-repo\org\springframework\data\spring-data-commons\2.1.2.RELEASE\spring-data-commons-2.1.2.RELEASE.jar;D:\Markdown\apache-maven-3.6.1\maven-repo\org\springframework\spring-tx\5.1.2.RELEASE\spring-tx-5.1.2.RELEASE.jar;D:\Markdown\apache-maven-3.6.1\maven-repo\org\springframework\spring-oxm\5.1.2.RELEASE\spring-oxm-5.1.2.RELEASE.jar;D:\Markdown\apache-maven-3.6.1\maven-repo\org\springframework\spring-context-support\5.1.2.RELEASE\spring-context-support-5.1.2.RELEASE.jar;D:\Markdown\apache-maven-3.6.1\maven-repo\redis\clients\jedis\2.9.0\jedis-2.9.0.jar;D:\Markdown\apache-maven-3.6.1\maven-repo\org\apache\commons\commons-pool2\2.6.0\commons-pool2-2.6.0.jar;D:\Markdown\apache-maven-3.6.1\maven-repo\mysql\mysql-connector-java\8.0.19\mysql-connector-java-8.0.19.jar;D:\Markdown\apache-maven-3.6.1\maven-repo\io\springfox\springfox-swagger2\2.9.1\springfox-swagger2-2.9.1.jar;D:\Markdown\apache-maven-3.6.1\maven-repo\io\swagger\swagger-annotations\1.5.20\swagger-annotations-1.5.20.jar;D:\Markdown\apache-maven-3.6.1\maven-repo\io\swagger\swagger-models\1.5.20\swagger-models-1.5.20.jar;D:\Markdown\apache-maven-3.6.1\maven-repo\com\fasterxml\jackson\core\jackson-annotations\2.9.0\jackson-annotations-2.9.0.jar;D:\Markdown\apache-maven-3.6.1\maven-repo\io\springfox\springfox-spi\2.9.1\springfox-spi-2.9.1.jar;D:\Markdown\apache-maven-3.6.1\maven-repo\io\springfox\springfox-core\2.9.1\springfox-core-2.9.1.jar;D:\Markdown\apache-maven-3.6.1\maven-repo\io\springfox\springfox-schema\2.9.1\springfox-schema-2.9.1.jar;D:\Markdown\apache-maven-3.6.1\maven-repo\io\springfox\springfox-swagger-common\2.9.1\springfox-swagger-common-2.9.1.jar;D:\Markdown\apache-maven-3.6.1\maven-repo\io\springfox\springfox-spring-web\2.9.1\springfox-spring-web-2.9.1.jar;D:\Markdown\apache-maven-3.6.1\maven-repo\com\google\guava\guava\20.0\guava-20.0.jar;D:\Markdown\apache-maven-3.6.1\maven-repo\com\fasterxml\classmate\1.4.0\classmate-1.4.0.jar;D:\Markdown\apache-maven-3.6.1\maven-repo\org\slf4j\slf4j-api\1.7.25\slf4j-api-1.7.25.jar;D:\Markdown\apache-maven-3.6.1\maven-repo\org\springframework\plugin\spring-plugin-core\1.2.0.RELEASE\spring-plugin-core-1.2.0.RELEASE.jar;D:\Markdown\apache-maven-3.6.1\maven-repo\org\springframework\plugin\spring-plugin-metadata\1.2.0.RELEASE\spring-plugin-metadata-1.2.0.RELEASE.jar;D:\Markdown\apache-maven-3.6.1\maven-repo\org\mapstruct\mapstruct\1.2.0.Final\mapstruct-1.2.0.Final.jar;D:\Markdown\apache-maven-3.6.1\maven-repo\io\springfox\springfox-swagger-ui\2.9.1\springfox-swagger-ui-2.9.1.jar;D:\Markdown\apache-maven-3.6.1\maven-repo\com\auth0\java-jwt\3.8.2\java-jwt-3.8.2.jar;D:\Markdown\apache-maven-3.6.1\maven-repo\com\fasterxml\jackson\core\jackson-databind\2.9.7\jackson-databind-2.9.7.jar;D:\Markdown\apache-maven-3.6.1\maven-repo\com\fasterxml\jackson\core\jackson-core\2.9.7\jackson-core-2.9.7.jar;D:\Markdown\apache-maven-3.6.1\maven-repo\commons-codec\commons-codec\1.11\commons-codec-1.11.jar;D:\Markdown\apache-maven-3.6.1\maven-repo\org\springframework\boot\spring-boot-starter-jdbc\2.1.0.RELEASE\spring-boot-starter-jdbc-2.1.0.RELEASE.jar;D:\Markdown\apache-maven-3.6.1\maven-repo\com\zaxxer\HikariCP\3.2.0\HikariCP-3.2.0.jar;D:\Markdown\apache-maven-3.6.1\maven-repo\org\springframework\spring-jdbc\5.1.2.RELEASE\spring-jdbc-5.1.2.RELEASE.jar;D:\Markdown\apache-maven-3.6.1\maven-repo\org\mybatis\spring\boot\mybatis-spring-boot-starter\1.3.2\mybatis-spring-boot-starter-1.3.2.jar;D:\Markdown\apache-maven-3.6.1\maven-repo\org\mybatis\spring\boot\mybatis-spring-boot-autoconfigure\1.3.2\mybatis-spring-boot-autoconfigure-1.3.2.jar;D:\Markdown\apache-maven-3.6.1\maven-repo\org\mybatis\mybatis\3.4.6\mybatis-3.4.6.jar;D:\Markdown\apache-maven-3.6.1\maven-repo\org\mybatis\mybatis-spring\1.3.2\mybatis-spring-1.3.2.jar;D:\Markdown\apache-maven-3.6.1\maven-repo\tk\mybatis\mapper\4.1.5\mapper-4.1.5.jar;D:\Markdown\apache-maven-3.6.1\maven-repo\javax\persistence\persistence-api\1.0\persistence-api-1.0.jar;D:\Markdown\apache-maven-3.6.1\maven-repo\com\github\pagehelper\pagehelper-spring-boot-starter\1.2.10\pagehelper-spring-boot-starter-1.2.10.jar;D:\Markdown\apache-maven-3.6.1\maven-repo\com\github\pagehelper\pagehelper-spring-boot-autoconfigure\1.2.10\pagehelper-spring-boot-autoconfigure-1.2.10.jar;D:\Markdown\apache-maven-3.6.1\maven-repo\com\github\pagehelper\pagehelper\5.1.8\pagehelper-5.1.8.jar;D:\Markdown\apache-maven-3.6.1\maven-repo\com\github\jsqlparser\jsqlparser\1.2\jsqlparser-1.2.jar;D:\Markdown\apache-maven-3.6.1\maven-repo\cn\hutool\hutool-all\5.3.7\hutool-all-5.3.7.jar;D:\Markdown\apache-maven-3.6.1\maven-repo\org\apache\poi\poi-ooxml\4.1.2\poi-ooxml-4.1.2.jar;D:\Markdown\apache-maven-3.6.1\maven-repo\org\apache\poi\poi\4.1.2\poi-4.1.2.jar;D:\Markdown\apache-maven-3.6.1\maven-repo\org\apache\commons\commons-collections4\4.4\commons-collections4-4.4.jar;D:\Markdown\apache-maven-3.6.1\maven-repo\org\apache\commons\commons-math3\3.6.1\commons-math3-3.6.1.jar;D:\Markdown\apache-maven-3.6.1\maven-repo\com\zaxxer\SparseBitSet\1.2\SparseBitSet-1.2.jar;D:\Markdown\apache-maven-3.6.1\maven-repo\org\apache\poi\poi-ooxml-schemas\4.1.2\poi-ooxml-schemas-4.1.2.jar;D:\Markdown\apache-maven-3.6.1\maven-repo\org\apache\xmlbeans\xmlbeans\3.1.0\xmlbeans-3.1.0.jar;D:\Markdown\apache-maven-3.6.1\maven-repo\org\apache\commons\commons-compress\1.19\commons-compress-1.19.jar;D:\Markdown\apache-maven-3.6.1\maven-repo\com\github\virtuald\curvesapi\1.06\curvesapi-1.06.jar;D:\Markdown\apache-maven-3.6.1\maven-repo\net\coobird\thumbnailator\0.4.8\thumbnailator-0.4.8.jar;D:\Markdown\apache-maven-3.6.1\maven-repo\com\tencentcloudapi\tencentcloud-sdk-java\3.1.460\tencentcloud-sdk-java-3.1.460.jar;D:\Markdown\apache-maven-3.6.1\maven-repo\commons-logging\commons-logging\1.2\commons-logging-1.2.jar;D:\Markdown\apache-maven-3.6.1\maven-repo\com\squareup\okio\okio\1.12.0\okio-1.12.0.jar;D:\Markdown\apache-maven-3.6.1\maven-repo\com\squareup\okhttp\okhttp\2.7.5\okhttp-2.7.5.jar;D:\Markdown\apache-maven-3.6.1\maven-repo\com\google\code\gson\gson\2.8.5\gson-2.8.5.jar;D:\Markdown\apache-maven-3.6.1\maven-repo\javax\xml\bind\jaxb-api\2.3.1\jaxb-api-2.3.1.jar;D:\Markdown\apache-maven-3.6.1\maven-repo\javax\activation\javax.activation-api\1.2.0\javax.activation-api-1.2.0.jar;D:\Markdown\apache-maven-3.6.1\maven-repo\com\squareup\okhttp\logging-interceptor\2.7.5\logging-interceptor-2.7.5.jar;D:\Markdown\apache-maven-3.6.1\maven-repo\org\ini4j\ini4j\0.5.4\ini4j-0.5.4.jar;"/>
    <property name="sun.cpu.endian" value="little"/>
    <property name="user.home" value="C:\Users\86151"/>
    <property name="user.language" value="zh"/>
    <property name="java.specification.vendor" value="Oracle Corporation"/>
    <property name="java.home" value="C:\Program Files\Java\jdk1.8.0_221\jre"/>
    <property name="basedir" value="E:\MarkDown\SuperC-mainv20"/>
    <property name="file.separator" value="\"/>
    <property name="line.separator" value="&#10;"/>
    <property name="java.vm.specification.vendor" value="Oracle Corporation"/>
    <property name="java.specification.name" value="Java Platform API Specification"/>
    <property name="java.awt.graphicsenv" value="sun.awt.Win32GraphicsEnvironment"/>
    <property name="surefire.real.class.path" value="C:\Users\86151\AppData\Local\Temp\surefire5773093806633342358\surefirebooter1403316835103179520.jar"/>
    <property name="sun.boot.class.path" value="C:\Program Files\Java\jdk1.8.0_221\jre\lib\resources.jar;C:\Program Files\Java\jdk1.8.0_221\jre\lib\rt.jar;C:\Program Files\Java\jdk1.8.0_221\jre\lib\sunrsasign.jar;C:\Program Files\Java\jdk1.8.0_221\jre\lib\jsse.jar;C:\Program Files\Java\jdk1.8.0_221\jre\lib\jce.jar;C:\Program Files\Java\jdk1.8.0_221\jre\lib\charsets.jar;C:\Program Files\Java\jdk1.8.0_221\jre\lib\jfr.jar;C:\Program Files\Java\jdk1.8.0_221\jre\classes"/>
    <property name="user.script" value=""/>
    <property name="sun.management.compiler" value="HotSpot 64-Bit Tiered Compilers"/>
    <property name="java.runtime.version" value="1.8.0_221-b11"/>
    <property name="user.name" value="Lamb"/>
    <property name="path.separator" value=";"/>
    <property name="os.version" value="10.0"/>
    <property name="java.endorsed.dirs" value="C:\Program Files\Java\jdk1.8.0_221\jre\lib\endorsed"/>
    <property name="java.runtime.name" value="Java(TM) SE Runtime Environment"/>
    <property name="file.encoding" value="GBK"/>
    <property name="java.vm.name" value="Java HotSpot(TM) 64-Bit Server VM"/>
    <property name="localRepository" value="D:\Markdown\apache-maven-3.6.1\maven-repo"/>
    <property name="java.vendor.url.bug" value="http://bugreport.sun.com/bugreport/"/>
    <property name="java.io.tmpdir" value="C:\Users\86151\AppData\Local\Temp\"/>
    <property name="idea.version" value="2022.2.1"/>
    <property name="java.version" value="1.8.0_221"/>
    <property name="user.dir" value="E:\MarkDown\SuperC-mainv20"/>
    <property name="os.arch" value="amd64"/>
    <property name="java.vm.specification.name" value="Java Virtual Machine Specification"/>
    <property name="java.awt.printerjob" value="sun.awt.windows.WPrinterJob"/>
    <property name="sun.os.patch.level" value=""/>
    <property name="java.library.path" value="C:\Program Files\Java\jdk1.8.0_221\jre\bin;C:\WINDOWS\Sun\Java\bin;C:\WINDOWS\system32;C:\WINDOWS;E:\VMware\bin\;C:\Program Files\Java\jdk1.8.0_221\bin;C:\Program Files (x86)\Common Files\Oracle\Java\javapath;C:\Windows\system32;C:\Windows;C:\Windows\System32\Wbem;C:\Windows\System32\WindowsPowerShell\v1.0\;C:\Windows\System32\OpenSSH\;C:\Program Files (x86)\NVIDIA Corporation\PhysX\Common;C:\Program Files\NVIDIA Corporation\NVIDIA NvDLISR;C:\Program Files\Microsoft SQL Server\130\Tools\Binn\;C:\CTEX\UserData\miktex\bin;C:\CTEX\MiKTeX\miktex\bin;C:\CTEX\CTeX;C:\CTEX\CTeX\Packages\ctex\bin;C:\CTEX\CTeX\Packages\cct\bin;C:\CTEX\CTeX\Packages\ty\bin;C:\CTEX\Ghostscript\gs9.18\bin;C:\CTEX\GSview\gsview;D:\matlab\runtime\win64;D:\matlab\bin;D:\runtime\win64;D:\CTEX\CTeX;D:\CTEX\CTeX\Packages\ctex\bin;D:\CTEX\CTeX\Packages\cct\bin;D:\CTEX\CTeX\Packages\ty\bin;D:\CTEX\UserData\miktex\bin;D:\CTEX\MiKTeX\miktex\bin;D:\CTEX\CTeX\ctex\bin;D:\CTEX\CTeX\cct\bin;D:\CTEX\CTeX\ty\bin;D:\CTEX\Ghostscript\gs9.05\bin;D:\CTEX\GSview\gsview;D:\CTEX\WinEdt;C:\WINDOWS\system32;C:\WINDOWS;C:\WINDOWS\System32\Wbem;C:\WINDOWS\System32\WindowsPowerShell\v1.0\;C:\WINDOWS\System32\OpenSSH\;D:\bin;D:\polyspace\bin;D:\matlab\polyspace\bin;e:\quartus\quartus\bin;E:\Git\cmd;C:\Program Files\Microsoft SQL Server\Client SDK\ODBC\170\Tools\Binn\;C:\Program Files (x86)\Microsoft SQL Server\150\Tools\Binn\;C:\Program Files\Microsoft SQL Server\150\Tools\Binn\;C:\Program Files\Microsoft SQL Server\150\DTS\Binn\;C:\Program Files\Azure Data Studio\bin;D:\Markdown\apache-maven-3.6.1\bin;D:\Markdown\Nodejs\;D:\Markdown\Nodejs\node_global;E:\environment\mingw64\bin;;E:\environment\lua\5.1;E:\environment\lua\5.1\clibs;C:\Program Files\MySQL\MySQL Shell 8.0\bin\;.;C:\Program Files\Java\jdk1.8.0_221\bin;C:\Program Files\Java\jdk1.8.0_221\jre\bin;D:\Vs code\Microsoft VS Code\bin;E:\IDEA\IntelliJ IDEA 2022.2.1\bin;;E:\IDEA\IntelliJ IDEA Community Edition 2022.2.1\bin;;C:\Program Files\Bandizip\;C:\Users\86151\AppData\Local\Microsoft\WindowsApps;E:\DataGrip\DataGrip 2020.1.4\bin;;C:\Program Files\Azure Data Studio\bin;D:\Markdown\Nodejs\node_global;;E:\environment\PyCharm 2022.3\bin;;."/>
    <property name="java.vm.info" value="mixed mode"/>
    <property name="java.vendor" value="Oracle Corporation"/>
    <property name="java.vm.version" value="25.221-b11"/>
    <property name="java.ext.dirs" value="C:\Program Files\Java\jdk1.8.0_221\jre\lib\ext;C:\WINDOWS\Sun\Java\lib\ext"/>
    <property name="sun.io.unicode.encoding" value="UnicodeLittle"/>
    <property name="maven.repo.local" value="D:\Markdown\apache-maven-3.6.1\maven-repo"/>
    <property name="java.class.version" value="52.0"/>
  </properties>
  <testcase name="test2" classname="Test01" time="0.035"/>
</testsuite>